[{"line":2,"elements":[{"start_timestamp":"2023-06-20T04:28:42.297Z","line":11,"name":"TC01_<PositiveTest>_customer_login_test","description":"","id":"customer-login-failing;tc01-<positivetest>-customer-login-test;test-data;2","type":"scenario","keyword":"Scenario Outline","steps":[{"result":{"duration":2561764400,"status":"passed"},"line":4,"name":"user navigates to \"https://www.bluerentalcars.com/\"","match":{"arguments":[{"val":"\"https://www.bluerentalcars.com/\"","offset":18}],"location":"stepdefinitions.CommonStepDefs.user_navigates_to(java.lang.String)"},"keyword":"Given "},{"result":{"duration":419858400,"status":"passed"},"line":5,"name":"user clicks on home page login button","match":{"location":"stepdefinitions.BlueRentalStepDefs.user_clicks_on_home_page_login_button()"},"keyword":"And "},{"result":{"duration":183509500,"status":"passed"},"line":6,"name":"user enters \"sam.walker@bluerentalcars.com\" and \"c!fas_art\"","match":{"arguments":[{"val":"\"sam.walker@bluerentalcars.com\"","offset":12},{"val":"\"c!fas_art\"","offset":48}],"location":"stepdefinitions.BlueRentalStepDefs.user_enters_and(java.lang.String,java.lang.String)"},"keyword":"And "},{"result":{"error_message":"org.openqa.selenium.NoSuchElementException: no such element: Unable to locate element: {\"method\":\"css selector\",\"selector\":\"#dropdown\\-basic\\-button\"}\n  (Session info: chrome=114.0.5735.134)\nFor documentation on this error, please visit: https://www.selenium.dev/documentation/webdriver/troubleshooting/errors#no-such-element-exception\nBuild info: version: '4.10.0', revision: 'c14d967899'\nSystem info: os.name: 'Windows 10', os.arch: 'amd64', os.version: '10.0', java.version: '11.0.17'\nDriver info: org.openqa.selenium.chrome.ChromeDriver\nCommand: [3c9023db6db7488c7fd82bf61adf0c97, findElement {using=id, value=dropdown-basic-button}]\nCapabilities {acceptInsecureCerts: false, browserName: chrome, browserVersion: 114.0.5735.134, chrome: {chromedriverVersion: 114.0.5735.90 (386bc09e8f4f..., userDataDir: C:\\Users\\yusuf\\AppData\\Loca...}, goog:chromeOptions: {debuggerAddress: localhost:56334}, networkConnectionEnabled: false, pageLoadStrategy: normal, platformName: windows, proxy: Proxy(), se:cdp: ws://localhost:56334/devtoo..., se:cdpVersion: 114.0.5735.134, setWindowRect: true, strictFileInteractability: false, timeouts: {implicit: 0, pageLoad: 300000, script: 30000}, unhandledPromptBehavior: dismiss and notify, webauthn:extension:credBlob: true, webauthn:extension:largeBlob: true, webauthn:extension:minPinLength: true, webauthn:extension:prf: true, webauthn:virtualAuthenticators: true}\nSession ID: 3c9023db6db7488c7fd82bf61adf0c97\r\n\tat java.base/jdk.internal.reflect.NativeConstructorAccessorImpl.newInstance0(Native Method)\r\n\tat java.base/jdk.internal.reflect.NativeConstructorAccessorImpl.newInstance(NativeConstructorAccessorImpl.java:62)\r\n\tat java.base/jdk.internal.reflect.DelegatingConstructorAccessorImpl.newInstance(DelegatingConstructorAccessorImpl.java:45)\r\n\tat java.base/java.lang.reflect.Constructor.newInstance(Constructor.java:490)\r\n\tat org.openqa.selenium.remote.codec.w3c.W3CHttpResponseCodec.createException(W3CHttpResponseCodec.java:199)\r\n\tat org.openqa.selenium.remote.codec.w3c.W3CHttpResponseCodec.decode(W3CHttpResponseCodec.java:132)\r\n\tat org.openqa.selenium.remote.codec.w3c.W3CHttpResponseCodec.decode(W3CHttpResponseCodec.java:51)\r\n\tat org.openqa.selenium.remote.HttpCommandExecutor.execute(HttpCommandExecutor.java:191)\r\n\tat org.openqa.selenium.remote.service.DriverCommandExecutor.invokeExecute(DriverCommandExecutor.java:196)\r\n\tat org.openqa.selenium.remote.service.DriverCommandExecutor.execute(DriverCommandExecutor.java:171)\r\n\tat org.openqa.selenium.remote.RemoteWebDriver.execute(RemoteWebDriver.java:531)\r\n\tat org.openqa.selenium.remote.ElementLocation$ElementFinder$2.findElement(ElementLocation.java:165)\r\n\tat org.openqa.selenium.remote.ElementLocation.findElement(ElementLocation.java:59)\r\n\tat org.openqa.selenium.remote.RemoteWebDriver.findElement(RemoteWebDriver.java:350)\r\n\tat org.openqa.selenium.remote.RemoteWebDriver.findElement(RemoteWebDriver.java:344)\r\n\tat org.openqa.selenium.support.pagefactory.DefaultElementLocator.findElement(DefaultElementLocator.java:68)\r\n\tat org.openqa.selenium.support.pagefactory.internal.LocatingElementHandler.invoke(LocatingElementHandler.java:38)\r\n\tat com.sun.proxy.$Proxy21.click(Unknown Source)\r\n\tat stepdefinitions.BlueRentalStepDefs.user_logs_out_the_application(BlueRentalStepDefs.java:36)\r\n\tat ✽.user logs out the application(file:///C:/Users/yusuf/IdeaProjects/mycucumberproject/src/test/resources/features/day29_failed_test_cases.feature:7)\r\n","duration":10018384300,"status":"failed"},"line":7,"name":"user logs out the application","match":{"location":"stepdefinitions.BlueRentalStepDefs.user_logs_out_the_application()"},"keyword":"Then "},{"result":{"duration":997100,"status":"skipped"},"line":8,"name":"close the application","match":{"location":"stepdefinitions.CommonStepDefs.close_the_application()"},"keyword":"Then "}],"tags":[{"name":"@failed_test_case"}]},{"start_timestamp":"2023-06-20T04:28:55.518Z","line":12,"name":"TC01_<PositiveTest>_customer_login_test","description":"","id":"customer-login-failing;tc01-<positivetest>-customer-login-test;test-data;3","type":"scenario","keyword":"Scenario Outline","steps":[{"result":{"duration":115180400,"status":"passed"},"line":4,"name":"user navigates to \"https://www.bluerentalcars.com/\"","match":{"arguments":[{"val":"\"https://www.bluerentalcars.com/\"","offset":18}],"location":"stepdefinitions.CommonStepDefs.user_navigates_to(java.lang.String)"},"keyword":"Given "},{"result":{"duration":192210900,"status":"passed"},"line":5,"name":"user clicks on home page login button","match":{"location":"stepdefinitions.BlueRentalStepDefs.user_clicks_on_home_page_login_button()"},"keyword":"And "},{"result":{"duration":147127400,"status":"passed"},"line":6,"name":"user enters \"kate.brown@bluerentalcars.com\" and \"tad1$Fas\"","match":{"arguments":[{"val":"\"kate.brown@bluerentalcars.com\"","offset":12},{"val":"\"tad1$Fas\"","offset":48}],"location":"stepdefinitions.BlueRentalStepDefs.user_enters_and(java.lang.String,java.lang.String)"},"keyword":"And "},{"result":{"error_message":"org.openqa.selenium.NoSuchElementException: no such element: Unable to locate element: {\"method\":\"css selector\",\"selector\":\"#dropdown\\-basic\\-button\"}\n  (Session info: chrome=114.0.5735.134)\nFor documentation on this error, please visit: https://www.selenium.dev/documentation/webdriver/troubleshooting/errors#no-such-element-exception\nBuild info: version: '4.10.0', revision: 'c14d967899'\nSystem info: os.name: 'Windows 10', os.arch: 'amd64', os.version: '10.0', java.version: '11.0.17'\nDriver info: org.openqa.selenium.chrome.ChromeDriver\nCommand: [3c9023db6db7488c7fd82bf61adf0c97, findElement {using=id, value=dropdown-basic-button}]\nCapabilities {acceptInsecureCerts: false, browserName: chrome, browserVersion: 114.0.5735.134, chrome: {chromedriverVersion: 114.0.5735.90 (386bc09e8f4f..., userDataDir: C:\\Users\\yusuf\\AppData\\Loca...}, goog:chromeOptions: {debuggerAddress: localhost:56334}, networkConnectionEnabled: false, pageLoadStrategy: normal, platformName: windows, proxy: Proxy(), se:cdp: ws://localhost:56334/devtoo..., se:cdpVersion: 114.0.5735.134, setWindowRect: true, strictFileInteractability: false, timeouts: {implicit: 0, pageLoad: 300000, script: 30000}, unhandledPromptBehavior: dismiss and notify, webauthn:extension:credBlob: true, webauthn:extension:largeBlob: true, webauthn:extension:minPinLength: true, webauthn:extension:prf: true, webauthn:virtualAuthenticators: true}\nSession ID: 3c9023db6db7488c7fd82bf61adf0c97\r\n\tat java.base/jdk.internal.reflect.NativeConstructorAccessorImpl.newInstance0(Native Method)\r\n\tat java.base/jdk.internal.reflect.NativeConstructorAccessorImpl.newInstance(NativeConstructorAccessorImpl.java:62)\r\n\tat java.base/jdk.internal.reflect.DelegatingConstructorAccessorImpl.newInstance(DelegatingConstructorAccessorImpl.java:45)\r\n\tat java.base/java.lang.reflect.Constructor.newInstance(Constructor.java:490)\r\n\tat org.openqa.selenium.remote.codec.w3c.W3CHttpResponseCodec.createException(W3CHttpResponseCodec.java:199)\r\n\tat org.openqa.selenium.remote.codec.w3c.W3CHttpResponseCodec.decode(W3CHttpResponseCodec.java:132)\r\n\tat org.openqa.selenium.remote.codec.w3c.W3CHttpResponseCodec.decode(W3CHttpResponseCodec.java:51)\r\n\tat org.openqa.selenium.remote.HttpCommandExecutor.execute(HttpCommandExecutor.java:191)\r\n\tat org.openqa.selenium.remote.service.DriverCommandExecutor.invokeExecute(DriverCommandExecutor.java:196)\r\n\tat org.openqa.selenium.remote.service.DriverCommandExecutor.execute(DriverCommandExecutor.java:171)\r\n\tat org.openqa.selenium.remote.RemoteWebDriver.execute(RemoteWebDriver.java:531)\r\n\tat org.openqa.selenium.remote.ElementLocation$ElementFinder$2.findElement(ElementLocation.java:165)\r\n\tat org.openqa.selenium.remote.ElementLocation.findElement(ElementLocation.java:59)\r\n\tat org.openqa.selenium.remote.RemoteWebDriver.findElement(RemoteWebDriver.java:350)\r\n\tat org.openqa.selenium.remote.RemoteWebDriver.findElement(RemoteWebDriver.java:344)\r\n\tat org.openqa.selenium.support.pagefactory.DefaultElementLocator.findElement(DefaultElementLocator.java:68)\r\n\tat org.openqa.selenium.support.pagefactory.internal.LocatingElementHandler.invoke(LocatingElementHandler.java:38)\r\n\tat com.sun.proxy.$Proxy21.click(Unknown Source)\r\n\tat stepdefinitions.BlueRentalStepDefs.user_logs_out_the_application(BlueRentalStepDefs.java:36)\r\n\tat ✽.user logs out the application(file:///C:/Users/yusuf/IdeaProjects/mycucumberproject/src/test/resources/features/day29_failed_test_cases.feature:7)\r\n","duration":10023871400,"status":"failed"},"line":7,"name":"user logs out the application","match":{"location":"stepdefinitions.BlueRentalStepDefs.user_logs_out_the_application()"},"keyword":"Then "},{"result":{"status":"skipped"},"line":8,"name":"close the application","match":{"location":"stepdefinitions.CommonStepDefs.close_the_application()"},"keyword":"Then "}],"tags":[{"name":"@failed_test_case"}]}],"name":"customer_login_failing","description":"","id":"customer-login-failing","keyword":"Feature","uri":"file:src/test/resources/features/day29_failed_test_cases.feature","tags":[{"name":"@failed_test_case","type":"Tag","location":{"line":1,"column":1}}]}]