

<!DOCTYPE html>
<html>
<head>
<meta charset="UTF-8">
<meta name="viewport" content="width=device-width, initial-scale=1, shrink-to-fit=no">
<title>MY SPARK REPORT</title>
<link rel="apple-touch-icon" href="https://cdn.jsdelivr.net/gh/extent-framework/extent-github-cdn@b00a2d0486596e73dd7326beacf352c639623a0e/commons/img/logo.png">
<link rel="shortcut icon" href="https://cdn.jsdelivr.net/gh/extent-framework/extent-github-cdn@b00a2d0486596e73dd7326beacf352c639623a0e/commons/img/logo.png">
<link href="https://cdn.jsdelivr.net/gh/extent-framework/extent-github-cdn@d6562a79075e061305ccfdb82f01e5e195e2d307/spark/css/spark-style.css" rel="stylesheet" />
<link href="https://stackpath.bootstrapcdn.com/font-awesome/4.7.0/css/font-awesome.min.css" rel="stylesheet">
<script src="https://cdn.jsdelivr.net/gh/extent-framework/extent-github-cdn@7cc78ce/spark/js/jsontree.js"></script>
<style type="text/css"></style></head><body class="spa bdd-report dark">
  <div class="app">
    <div class="layout">
<div class="header navbar">
<div class="vheader">
<div class="nav-logo">
<a href="#">
<div class="logo" style="background-image: url('https://cdn.jsdelivr.net/gh/extent-framework/extent-github-cdn@b00a2d0486596e73dd7326beacf352c639623a0e/commons/img/logo.png')"></div>
</a>
</div>
<ul class="nav-left">
<li class="search-box">
<a class="search-toggle" href="#">
<i class="search-icon fa fa-search"></i>
<i class="search-icon-close fa fa-close"></i>
</a>
</li>
<li class="search-input"><input id="search-tests" class="form-control" type="text" placeholder="Search..."></li>
</ul>
<ul class="nav-right">
<li class="m-r-10">
<a href="#"><span class="badge badge-primary">Smoke Test Report</span></a>
</li>
<li class="m-r-10">
<a href="#"><span class="badge badge-primary">Jun 23, 2023 03:35:26 AM</span></a>
</li>
</ul>
</div>
</div><div class="side-nav">
<div class="side-nav-inner">
<ul class="side-nav-menu">
<li class="nav-item dropdown" onclick="toggleView('dashboard-view')">
<a id="nav-dashboard" class="dropdown-toggle" href="#">
<span class="ico"><i class="fa fa-bar-chart"></i></span>
</a>
</li>
<li class="nav-item dropdown" onclick="toggleView('test-view')">
<a id="nav-test" class="dropdown-toggle" href="#">
<span class="ico"><i class="fa fa-list"></i></span>
</a>
</li>
<li class="nav-item dropdown" onclick="toggleView('category-view')">
<a id="nav-category" class="dropdown-toggle" href="#">
<span class="ico"><i class="fa fa-tag"></i></span>
</a>
</li>
<li class="nav-item dropdown" onclick="toggleView('exception-view')">
<a id="nav-exception" class="dropdown-toggle" href="#">
<span class="ico"><i class="fa fa-bug"></i></span>
</a>
</li>
</ul>
</div>
</div>      <div class="vcontainer">
        <div class="main-content">
<div class="container-fluid p-4 view dashboard-view">
<div class="row">
<div class="col-md-3">
<div class="card"><div class="card-body">
<p class="m-b-0">Started</p>
<h3>Jun 23, 2023 03:35:26 AM</h3>
</div></div>
</div>
<div class="col-md-3">
<div class="card"><div class="card-body">
<p class="m-b-0">Ended</p>
<h3>Jun 23, 2023 03:36:22 AM</h3>
</div></div>
</div>
<div class="col-md-3">
<div class="card"><div class="card-body">
<p class="m-b-0 text-pass">Features Passed</p>
<h3>1</h3>
</div></div>
</div>
<div class="col-md-3">
<div class="card"><div class="card-body">
<p class="m-b-0 text-fail">Features Failed</p>
<h3>1</h3>
</div></div>
</div>
</div>
<div class="row">
<div class="col-md-4">
<div class="card">
<div class="card-header">
<h6 class="card-title">Features</h6>
</div>
<div class="card-body">
<div class="">
<canvas id='parent-analysis' width='115' height='90'></canvas>
</div>
</div>
<div class="card-footer">
<div><small data-tooltip='50%'>
<b>1</b> features passed
</small>
</div>
<div>
<small data-tooltip='50%'><b>1</b> features failed,
<b>0</b> skipped, <b data-tooltip='0%'>0</b> others
</small>
</div>
</div>
</div>
</div>
<div class="col-md-4">
<div class="card">
<div class="card-header">
<h6 class="card-title">Scenarios</h6>
</div>
<div class="card-body">
<div class="">
<canvas id='child-analysis' width='115' height='90'></canvas>
</div>
</div>
<div class="card-footer">
<div><small data-tooltip='75%'><b>6</b> scenarios passed</small></div>
<div>
<small data-tooltip='25%'><b>2</b> scenarios failed,
<b>0</b> skipped, <b data-tooltip='%'>0</b> others
</small>
</div>
</div>
</div>
</div>
<div class="col-md-4">
<div class="card">
<div class="card-header">
<h6 class="card-title">Steps</h6>
</div>
<div class="card-body">
<div class="">
<canvas id='grandchild-analysis' width='115' height='90'></canvas>
</div>
</div>
<div class="card-footer">
<div><small data-tooltip='88%'><b>32</b> steps passed</small></div>
<div>
<small data-tooltip='5%'><b>2</b> steps failed,
<b>2</b> skipped, <b data-tooltip='%'>0</b> others
</small>
</div>
</div>
</div>
</div>
</div>
<div class="row"><div class="col-md-12">
<div class="card"><div class="card-header"><p>Timeline</p></div>
<div class="card-body pt-0"><div>
<canvas id="timeline" height="120"></canvas>
</div></div>
</div>
</div></div>
<script>
var timeline = {
"search_feature":30.689,"customer_login_failing":24.141
};
</script>
<div class="row">
<div class="col-lg-6 col-md-12 category-container">
<div class="card">
<div class="card-header"><p>Tags</p></div>
<div class="card-body pb-0 pt-0"><table class="table table-sm table-bordered">
<thead><tr class="bg-gray"><th>Name</th><th>Passed</th><th>Failed</th><th>Skipped</th><th>Others</th><th>Passed %</th></tr></thead><tbody>
<tr>
<td>@failed_test_case</td>
<td>0</td>
<td>2</td>
<td>0</td>
<td>0</td>
<td>0%</td>
</tr>
<tr>
<td>@parameterizing1</td>
<td>6</td>
<td>0</td>
<td>0</td>
<td>0</td>
<td>100%</td>
</tr>
<tr>
<td>@test_runner</td>
<td>6</td>
<td>0</td>
<td>0</td>
<td>0</td>
<td>100%</td>
</tr>
</tbody>
</table></div>
</div>
</div>
<div class="col-lg-6 col-md-12 sysenv-container">
<div class="card">
<div class="card-header"><p>System/Environment</p></div>
<div class="card-body pb-0 pt-0"><table class="table table-sm table-bordered">
<thead><tr class="bg-gray"><th>Name</th><th>Value</th></tr></thead>
<tbody>
<tr>
<td>os</td>
<td>Windows</td>
</tr>
</tbody>
</table></div>
</div>
</div>
</div>
</div>
<script>
var statusGroup = {
parentCount: 5,
passParent: 1,
failParent: 1,
warningParent: 0,
skipParent: 0,
childCount: 5,
passChild: 6,
failChild: 2,
warningChild: 0,
skipChild: 0,
infoChild: 0,
grandChildCount: 5,
passGrandChild: 32,
failGrandChild: 2,
warningGrandChild: 0,
skipGrandChild: 2,
infoGrandChild: 0,
eventsCount: 5,
};
</script><div class="test-wrapper row view test-view">
  <div class="test-list">
    <div class="test-list-tools">
<ul class="tools pull-left">
<li><a href="#"><span class="font-size-14">Tests</span></a></li>
</ul>
<ul class="tools text-right">
<li class="dropdown">
<a href="#" class="dropdown-toggle" data-toggle="dropdown"><i class="fa fa-exclamation-circle"></i></a>
<ul id="status-toggle" class="dropdown-menu dropdown-md p-v-0">
<a class="dropdown-item" status="pass" href="#"><span>Pass</span><span class="status success"></span></a>
<a class="dropdown-item" status="fail" href="#"><span>Fail</span><span class="status danger"></span></a>
<div class="dropdown-divider"></div>
<a status="clear" class="dropdown-item" href="#"><span>Clear</span><span class="pull-right"><i class="fa fa-close"></i></span></a>
</ul>
</li>
<li class="dropdown">
<a href="#" class="dropdown-toggle" data-toggle="dropdown"><i class="fa fa-tag"></i></a>
<ul id="tag-toggle" class="dropdown-menu dropdown-md p-v-0">
<a class="dropdown-item" href="#">@failed_test_case</a><a class="dropdown-item" href="#">@parameterizing1</a><a class="dropdown-item" href="#">@test_runner</a>
</ul>
</li>
</ul>
</div>    <div class="test-list-wrapper scrollable">
      <ul class="test-list-item">
        <li class="test-item"  status="pass" test-id="1"
          author=""
          tag=""
          device="">
          <div class="test-detail">
            <p class="name">search_feature</p>
            <p class="text-sm">
              <span>3:35:27 AM</span> / <span>00:00:30:689</span>
              <span class="badge pass-bg log float-right">Pass</span>
            </p>
          </div>
          <div class="test-contents d-none">
<div class="detail-head">
<div class="p-v-10">
<div class="info">
<h5 class="test-status text-pass">search_feature</h5>
<span class='badge badge-success'>06.23.2023 3:35:27 AM</span>
<span class='badge badge-danger'>06.23.2023 3:35:58 AM</span>
<span class='badge badge-default'>00:00:30:689</span>
&middot; <span class='uri-anchor badge badge-default'>#test-id=1</span>
<span class='badge badge-default pointer float-right ml-1 et'><i class="fa fa-chevron-down"></i></span>
<span class='badge badge-default pointer float-right ct'><i class="fa fa-chevron-up"></i></span>
</div>
<div class="m-t-10 m-l-5"></div>
</div>
</div>
<div class="accordion mt-4">
  <div class="card">
    <div class="card-header" role="tab">
      <div class="card-title">
        <div class="node" id="2"><span class="badge log pass-bg mr-2">Pass</span>TC01_iphone_search</div>
      </div>
    </div>
        <div class="collapse">
          <div class="card-body">
              <div class="step pass-bg" title="stepdefinitions.CommonStepDefs.user_navigates_to(java.lang.String)">
                <span>Given user navigates to "https://google.com"</span>
      <div>
      </div>
              </div>
              <div class="step pass-bg" title="stepdefinitions.GoogleStepDefs.user_search_for(java.lang.String)">
                <span>And user search for "iPhone"</span>
      <div>
      </div>
              </div>
              <div class="step pass-bg" title="stepdefinitions.CommonStepDefs.verify_the_page_title_contains(java.lang.String)">
                <span>Then verify the page title contains "iPhone"</span>
      <div>
      </div>
              </div>
              <div class="step pass-bg" title="stepdefinitions.CommonStepDefs.close_the_application()">
                <span>Then close the application</span>
      <div>
      </div>
              </div>
          </div>
        </div>
  </div>
  <div class="card">
    <div class="card-header" role="tab">
      <div class="card-title">
        <div class="node" id="9"><span class="badge log pass-bg mr-2">Pass</span>TC02_tesla_search</div>
      </div>
    </div>
        <div class="collapse">
          <div class="card-body">
              <div class="step pass-bg" title="stepdefinitions.CommonStepDefs.user_navigates_to(java.lang.String)">
                <span>Given user navigates to "https://google.com"</span>
      <div>
      </div>
              </div>
              <div class="step pass-bg" title="stepdefinitions.GoogleStepDefs.user_search_for(java.lang.String)">
                <span>And user search for "tesla"</span>
      <div>
      </div>
              </div>
              <div class="step pass-bg" title="stepdefinitions.CommonStepDefs.verify_the_page_title_contains(java.lang.String)">
                <span>Then verify the page title contains "tesla"</span>
      <div>
      </div>
              </div>
              <div class="step pass-bg" title="stepdefinitions.CommonStepDefs.close_the_application()">
                <span>Then close the application</span>
      <div>
      </div>
              </div>
          </div>
        </div>
  </div>
  <div class="card">
    <div class="card-header" role="tab">
      <div class="card-title">
        <div class="node" id="16"><span class="badge log pass-bg mr-2">Pass</span>TC03_bmw_search</div>
      </div>
    </div>
        <div class="collapse">
          <div class="card-body">
              <div class="step pass-bg" title="stepdefinitions.CommonStepDefs.user_navigates_to(java.lang.String)">
                <span>Given user navigates to "https://google.com"</span>
      <div>
      </div>
              </div>
              <div class="step pass-bg" title="stepdefinitions.GoogleStepDefs.user_search_for(java.lang.String)">
                <span>And user search for "bmw"</span>
      <div>
      </div>
              </div>
              <div class="step pass-bg" title="stepdefinitions.CommonStepDefs.verify_the_page_title_contains(java.lang.String)">
                <span>Then verify the page title contains "bmw"</span>
      <div>
      </div>
              </div>
              <div class="step pass-bg" title="stepdefinitions.CommonStepDefs.close_the_application()">
                <span>Then close the application</span>
      <div>
      </div>
              </div>
          </div>
        </div>
  </div>
  <div class="card">
    <div class="card-header" role="tab">
      <div class="card-title">
        <div class="node" id="23"><span class="badge log pass-bg mr-2">Pass</span>TC04_apple_search</div>
      </div>
    </div>
        <div class="collapse">
          <div class="card-body">
              <div class="step pass-bg" title="stepdefinitions.CommonStepDefs.user_navigates_to(java.lang.String)">
                <span>Given user navigates to "https://google.com"</span>
      <div>
      </div>
              </div>
              <div class="step pass-bg" title="stepdefinitions.GoogleStepDefs.user_search_for(java.lang.String)">
                <span>And user search for "apple"</span>
      <div>
      </div>
              </div>
              <div class="step pass-bg" title="stepdefinitions.CommonStepDefs.verify_the_page_title_contains(java.lang.String)">
                <span>Then verify the page title contains "apple"</span>
      <div>
      </div>
              </div>
              <div class="step pass-bg" title="stepdefinitions.CommonStepDefs.close_the_application()">
                <span>Then close the application</span>
      <div>
      </div>
              </div>
          </div>
        </div>
  </div>
  <div class="card">
    <div class="card-header" role="tab">
      <div class="card-title">
        <div class="node" id="30"><span class="badge log pass-bg mr-2">Pass</span>TC05_nio_search</div>
      </div>
    </div>
        <div class="collapse">
          <div class="card-body">
              <div class="step pass-bg" title="stepdefinitions.CommonStepDefs.user_navigates_to(java.lang.String)">
                <span>Given user navigates to "https://google.com"</span>
      <div>
      </div>
              </div>
              <div class="step pass-bg" title="stepdefinitions.GoogleStepDefs.user_search_for(java.lang.String)">
                <span>And user search for "nio"</span>
      <div>
      </div>
              </div>
              <div class="step pass-bg" title="stepdefinitions.CommonStepDefs.verify_the_page_title_contains(java.lang.String)">
                <span>Then verify the page title contains "nio"</span>
      <div>
      </div>
              </div>
              <div class="step pass-bg" title="stepdefinitions.CommonStepDefs.close_the_application()">
                <span>Then close the application</span>
      <div>
      </div>
              </div>
          </div>
        </div>
  </div>
  <div class="card">
    <div class="card-header" role="tab">
      <div class="card-title">
        <div class="node" id="37"><span class="badge log pass-bg mr-2">Pass</span>TC06_pineapple_search</div>
      </div>
    </div>
        <div class="collapse">
          <div class="card-body">
              <div class="step pass-bg" title="stepdefinitions.CommonStepDefs.user_navigates_to(java.lang.String)">
                <span>Given user navigates to "https://google.com"</span>
      <div>
      </div>
              </div>
              <div class="step pass-bg" title="stepdefinitions.GoogleStepDefs.user_search_for(java.lang.String)">
                <span>And user search for "pine apple"</span>
      <div>
      </div>
              </div>
              <div class="step pass-bg" title="stepdefinitions.CommonStepDefs.verify_the_page_title_contains(java.lang.String)">
                <span>Then verify the page title contains "pine apple"</span>
      <div>
      </div>
              </div>
              <div class="step pass-bg" title="stepdefinitions.CommonStepDefs.close_the_application()">
                <span>Then close the application</span>
      <div>
      </div>
              </div>
          </div>
        </div>
  </div>
</div>
          </div>
        </li>
        <li class="test-item"  status="fail" test-id="44"
          author=""
          tag=""
          device="">
          <div class="test-detail">
            <p class="name">customer_login_failing</p>
            <p class="text-sm">
              <span>3:35:58 AM</span> / <span>00:00:24:141</span>
              <span class="badge fail-bg log float-right">Fail</span>
            </p>
          </div>
          <div class="test-contents d-none">
<div class="detail-head">
<div class="p-v-10">
<div class="info">
<h5 class="test-status text-fail">customer_login_failing</h5>
<span class='badge badge-success'>06.23.2023 3:35:58 AM</span>
<span class='badge badge-danger'>06.23.2023 3:36:22 AM</span>
<span class='badge badge-default'>00:00:24:141</span>
&middot; <span class='uri-anchor badge badge-default'>#test-id=44</span>
<span class='badge badge-default pointer float-right ml-1 et'><i class="fa fa-chevron-down"></i></span>
<span class='badge badge-default pointer float-right ct'><i class="fa fa-chevron-up"></i></span>
</div>
<div class="m-t-10 m-l-5"></div>
</div>
</div>
<div class="accordion mt-4">
  <div class="card">
    <div class="card-header" role="tab">
      <div class="card-title">
        <div class="node" id="45"><span class="badge log fail-bg mr-2">Fail</span>TC01_<PositiveTest>_customer_login_test</div>
          <div class="status-avatar float-right mr-4">
            <i class="fa fa-paperclip"></i>
          </div>
      </div>
    </div>
        <div class="scenario_outline ">
            <div class="card-body l1">
              <div class="card-header">
                <div class="card-title outline-child">
                  <div class="node" id="46"><span class="badge log fail-bg mr-2">Fail</span>TC01_<PositiveTest>_customer_login_test</div>
                    <div class="status-avatar float-right">
                      <i class="fa fa-paperclip"></i>
                    </div>
                </div>
              </div>
              <div class="card-body mt-3 ">
                  <div class="step pass-bg">
                    <span>Given user navigates to "https://www.bluerentalcars.com/"</span>
      <div>
      </div>
                  </div>
                  <div class="step pass-bg">
                    <span>And user clicks on home page login button</span>
      <div>
      </div>
                  </div>
                  <div class="step pass-bg">
                    <span>And user enters "sam.walker@bluerentalcars.com" and "c!fas_art"</span>
      <div>
      </div>
                  </div>
                  <div class="step fail-bg">
                    <span>Then user logs out the application</span>
      <div>
        <textarea disabled class="code-block">org.openqa.selenium.NoSuchElementException: no such element: Unable to locate element: {"method":"css selector","selector":"#dropdown\-basic\-button"}
  (Session info: chrome=114.0.5735.134)
For documentation on this error, please visit: https://www.selenium.dev/documentation/webdriver/troubleshooting/errors#no-such-element-exception
Build info: version: '4.10.0', revision: 'c14d967899'
System info: os.name: 'Windows 10', os.arch: 'amd64', os.version: '10.0', java.version: '11.0.17'
Driver info: org.openqa.selenium.chrome.ChromeDriver
Command: [28cf3e5f0a76b527e35a60c1ec0967b5, findElement {using=id, value=dropdown-basic-button}]
Capabilities {acceptInsecureCerts: false, browserName: chrome, browserVersion: 114.0.5735.134, chrome: {chromedriverVersion: 114.0.5735.90 (386bc09e8f4f..., userDataDir: C:\Users\yusuf\AppData\Loca...}, goog:chromeOptions: {debuggerAddress: localhost:54892}, networkConnectionEnabled: false, pageLoadStrategy: normal, platformName: windows, proxy: Proxy(), se:cdp: ws://localhost:54892/devtoo..., se:cdpVersion: 114.0.5735.134, setWindowRect: true, strictFileInteractability: false, timeouts: {implicit: 0, pageLoad: 300000, script: 30000}, unhandledPromptBehavior: dismiss and notify, webauthn:extension:credBlob: true, webauthn:extension:largeBlob: true, webauthn:extension:minPinLength: true, webauthn:extension:prf: true, webauthn:virtualAuthenticators: true}
Session ID: 28cf3e5f0a76b527e35a60c1ec0967b5
	at java.base/jdk.internal.reflect.NativeConstructorAccessorImpl.newInstance0(Native Method)
	at java.base/jdk.internal.reflect.NativeConstructorAccessorImpl.newInstance(NativeConstructorAccessorImpl.java:62)
	at java.base/jdk.internal.reflect.DelegatingConstructorAccessorImpl.newInstance(DelegatingConstructorAccessorImpl.java:45)
	at java.base/java.lang.reflect.Constructor.newInstance(Constructor.java:490)
	at org.openqa.selenium.remote.codec.w3c.W3CHttpResponseCodec.createException(W3CHttpResponseCodec.java:199)
	at org.openqa.selenium.remote.codec.w3c.W3CHttpResponseCodec.decode(W3CHttpResponseCodec.java:132)
	at org.openqa.selenium.remote.codec.w3c.W3CHttpResponseCodec.decode(W3CHttpResponseCodec.java:51)
	at org.openqa.selenium.remote.HttpCommandExecutor.execute(HttpCommandExecutor.java:191)
	at org.openqa.selenium.remote.service.DriverCommandExecutor.invokeExecute(DriverCommandExecutor.java:196)
	at org.openqa.selenium.remote.service.DriverCommandExecutor.execute(DriverCommandExecutor.java:171)
	at org.openqa.selenium.remote.RemoteWebDriver.execute(RemoteWebDriver.java:531)
	at org.openqa.selenium.remote.ElementLocation$ElementFinder$2.findElement(ElementLocation.java:165)
	at org.openqa.selenium.remote.ElementLocation.findElement(ElementLocation.java:59)
	at org.openqa.selenium.remote.RemoteWebDriver.findElement(RemoteWebDriver.java:350)
	at org.openqa.selenium.remote.RemoteWebDriver.findElement(RemoteWebDriver.java:344)
	at org.openqa.selenium.support.pagefactory.DefaultElementLocator.findElement(DefaultElementLocator.java:68)
	at org.openqa.selenium.support.pagefactory.internal.LocatingElementHandler.invoke(LocatingElementHandler.java:38)
	at com.sun.proxy.$Proxy25.click(Unknown Source)
	at stepdefinitions.BlueRentalStepDefs.user_logs_out_the_application(BlueRentalStepDefs.java:36)
	at ✽.user logs out the application(file:///C:/Users/yusuf/IdeaProjects/mycucumberproject/./src/test/resources/features/day29_failed_test_cases.feature:7)
</textarea>
      
      </div>
                  </div>
                  <div class="step skip-bg">
                    <span>Then close the application</span>
      <div>Step skipped
      </div>
                  </div>
                  <div class="step pass-bg">
                    <span>hooks.Hooks.tearDown(io.cucumber.java.Scenario)</span>
      <div>screenshots
          <div class="row mb-3"><div class="col-md-3">
<img data-featherlight='../embedded1.png' src="../embedded1.png">
    
    </div></div>
</div>
      <div>
      </div>
                  </div>
              </div>
            </div>
            <div class="card-body l1">
              <div class="card-header">
                <div class="card-title outline-child">
                  <div class="node" id="54"><span class="badge log fail-bg mr-2">Fail</span>TC01_<PositiveTest>_customer_login_test</div>
                    <div class="status-avatar float-right">
                      <i class="fa fa-paperclip"></i>
                    </div>
                </div>
              </div>
              <div class="card-body mt-3 ">
                  <div class="step pass-bg">
                    <span>Given user navigates to "https://www.bluerentalcars.com/"</span>
      <div>
      </div>
                  </div>
                  <div class="step pass-bg">
                    <span>And user clicks on home page login button</span>
      <div>
      </div>
                  </div>
                  <div class="step pass-bg">
                    <span>And user enters "kate.brown@bluerentalcars.com" and "tad1$Fas"</span>
      <div>
      </div>
                  </div>
                  <div class="step fail-bg">
                    <span>Then user logs out the application</span>
      <div>
        <textarea disabled class="code-block">org.openqa.selenium.NoSuchElementException: no such element: Unable to locate element: {"method":"css selector","selector":"#dropdown\-basic\-button"}
  (Session info: chrome=114.0.5735.134)
For documentation on this error, please visit: https://www.selenium.dev/documentation/webdriver/troubleshooting/errors#no-such-element-exception
Build info: version: '4.10.0', revision: 'c14d967899'
System info: os.name: 'Windows 10', os.arch: 'amd64', os.version: '10.0', java.version: '11.0.17'
Driver info: org.openqa.selenium.chrome.ChromeDriver
Command: [6a2e9a6810fe2da2368b8173a82eed09, findElement {using=id, value=dropdown-basic-button}]
Capabilities {acceptInsecureCerts: false, browserName: chrome, browserVersion: 114.0.5735.134, chrome: {chromedriverVersion: 114.0.5735.90 (386bc09e8f4f..., userDataDir: C:\Users\yusuf\AppData\Loca...}, goog:chromeOptions: {debuggerAddress: localhost:54919}, networkConnectionEnabled: false, pageLoadStrategy: normal, platformName: windows, proxy: Proxy(), se:cdp: ws://localhost:54919/devtoo..., se:cdpVersion: 114.0.5735.134, setWindowRect: true, strictFileInteractability: false, timeouts: {implicit: 0, pageLoad: 300000, script: 30000}, unhandledPromptBehavior: dismiss and notify, webauthn:extension:credBlob: true, webauthn:extension:largeBlob: true, webauthn:extension:minPinLength: true, webauthn:extension:prf: true, webauthn:virtualAuthenticators: true}
Session ID: 6a2e9a6810fe2da2368b8173a82eed09
	at java.base/jdk.internal.reflect.NativeConstructorAccessorImpl.newInstance0(Native Method)
	at java.base/jdk.internal.reflect.NativeConstructorAccessorImpl.newInstance(NativeConstructorAccessorImpl.java:62)
	at java.base/jdk.internal.reflect.DelegatingConstructorAccessorImpl.newInstance(DelegatingConstructorAccessorImpl.java:45)
	at java.base/java.lang.reflect.Constructor.newInstance(Constructor.java:490)
	at org.openqa.selenium.remote.codec.w3c.W3CHttpResponseCodec.createException(W3CHttpResponseCodec.java:199)
	at org.openqa.selenium.remote.codec.w3c.W3CHttpResponseCodec.decode(W3CHttpResponseCodec.java:132)
	at org.openqa.selenium.remote.codec.w3c.W3CHttpResponseCodec.decode(W3CHttpResponseCodec.java:51)
	at org.openqa.selenium.remote.HttpCommandExecutor.execute(HttpCommandExecutor.java:191)
	at org.openqa.selenium.remote.service.DriverCommandExecutor.invokeExecute(DriverCommandExecutor.java:196)
	at org.openqa.selenium.remote.service.DriverCommandExecutor.execute(DriverCommandExecutor.java:171)
	at org.openqa.selenium.remote.RemoteWebDriver.execute(RemoteWebDriver.java:531)
	at org.openqa.selenium.remote.ElementLocation$ElementFinder$2.findElement(ElementLocation.java:165)
	at org.openqa.selenium.remote.ElementLocation.findElement(ElementLocation.java:59)
	at org.openqa.selenium.remote.RemoteWebDriver.findElement(RemoteWebDriver.java:350)
	at org.openqa.selenium.remote.RemoteWebDriver.findElement(RemoteWebDriver.java:344)
	at org.openqa.selenium.support.pagefactory.DefaultElementLocator.findElement(DefaultElementLocator.java:68)
	at org.openqa.selenium.support.pagefactory.internal.LocatingElementHandler.invoke(LocatingElementHandler.java:38)
	at com.sun.proxy.$Proxy25.click(Unknown Source)
	at stepdefinitions.BlueRentalStepDefs.user_logs_out_the_application(BlueRentalStepDefs.java:36)
	at ✽.user logs out the application(file:///C:/Users/yusuf/IdeaProjects/mycucumberproject/./src/test/resources/features/day29_failed_test_cases.feature:7)
</textarea>
      
      </div>
                  </div>
                  <div class="step skip-bg">
                    <span>Then close the application</span>
      <div>Step skipped
      </div>
                  </div>
                  <div class="step pass-bg">
                    <span>hooks.Hooks.tearDown(io.cucumber.java.Scenario)</span>
      <div>screenshots
          <div class="row mb-3"><div class="col-md-3">
<img data-featherlight='../embedded2.png' src="../embedded2.png">
    
    </div></div>
</div>
      <div>
      </div>
                  </div>
              </div>
            </div>
        </div>
  </div>
</div>
          </div>
        </li>
      </ul>
    </div>
  </div>
<div class="test-content scrollable">
<div class="test-content-tools">
<ul><li><a class="back-to-test" href="#"><i class="fa fa-arrow-left"></i></a></li></ul>
</div>
<div class="test-content-detail"><div class="detail-body"></div></div>
</div></div>
<div class="test-wrapper row view category-view attributes-view">
<div class="test-list">
<div class="test-list-tools">
<ul class="tools pull-left"><li><a href=""><span class="font-size-14">Category</span></a></li></ul>
<ul class="tools text-right"><li><a href="#"><span class="badge badge-primary">3</span></a></li></ul>
</div>
<div class="test-list-wrapper scrollable">
<ul class="test-list-item">
<li class="test-item">
<div class="test-detail">
<span class="meta">
<span class='badge log badge-danger'>2</span>
</span>
<p class="name">@failed_test_case</p>
<p class="duration text-sm">2 tests</p>
</div>
<div class="test-contents d-none">
<div class="info">
<h4>@failed_test_case</h4>
<span status="fail" class='badge log badge-danger'>2 failed</span>
</div>
<table class='table table-sm mt-4'>
<thead>
<tr>
<th class="status-col">Status</th>
<th class="timestamp-col">Timestamp</th>
<th>TestName</th>
</tr>
</thead>
<tbody>
<tr class="tag-test-status" status="fail">
<td><span class="badge log fail-bg">Fail</span></td>
<td>03:35:58 AM</td>
<td>
<a href="#" class="linked" test-id='44' id='46'>TC01_<PositiveTest>_customer_login_test</a>
<div class="">
<span class="badge badge-default">customer_login_failing.TC01_<PositiveTest>_customer_login_test</span>
</div>
</td>
</tr>
<tr class="tag-test-status" status="fail">
<td><span class="badge log fail-bg">Fail</span></td>
<td>03:36:10 AM</td>
<td>
<a href="#" class="linked" test-id='44' id='54'>TC01_<PositiveTest>_customer_login_test</a>
<div class="">
<span class="badge badge-default">customer_login_failing.TC01_<PositiveTest>_customer_login_test</span>
</div>
</td>
</tr>
</tbody>
</table>
</div>
</li>
<li class="test-item">
<div class="test-detail">
<span class="meta">
<span class='badge log pass-bg'>6</span>
</span>
<p class="name">@parameterizing1</p>
<p class="duration text-sm">6 tests</p>
</div>
<div class="test-contents d-none">
<div class="info">
<h4>@parameterizing1</h4>
<span status="pass" class='badge log pass-bg'>6 passed</span>
</div>
<table class='table table-sm mt-4'>
<thead>
<tr>
<th class="status-col">Status</th>
<th class="timestamp-col">Timestamp</th>
<th>TestName</th>
</tr>
</thead>
<tbody>
<tr class="tag-test-status" status="pass">
<td><span class="badge log pass-bg">Pass</span></td>
<td>03:35:27 AM</td>
<td>
<a href="#" class="linked" test-id='1' id='2'>TC01_iphone_search</a>
<div class="">
<span class="badge badge-default">search_feature.TC01_iphone_search</span>
</div>
</td>
</tr>
<tr class="tag-test-status" status="pass">
<td><span class="badge log pass-bg">Pass</span></td>
<td>03:35:33 AM</td>
<td>
<a href="#" class="linked" test-id='1' id='9'>TC02_tesla_search</a>
<div class="">
<span class="badge badge-default">search_feature.TC02_tesla_search</span>
</div>
</td>
</tr>
<tr class="tag-test-status" status="pass">
<td><span class="badge log pass-bg">Pass</span></td>
<td>03:35:38 AM</td>
<td>
<a href="#" class="linked" test-id='1' id='16'>TC03_bmw_search</a>
<div class="">
<span class="badge badge-default">search_feature.TC03_bmw_search</span>
</div>
</td>
</tr>
<tr class="tag-test-status" status="pass">
<td><span class="badge log pass-bg">Pass</span></td>
<td>03:35:43 AM</td>
<td>
<a href="#" class="linked" test-id='1' id='23'>TC04_apple_search</a>
<div class="">
<span class="badge badge-default">search_feature.TC04_apple_search</span>
</div>
</td>
</tr>
<tr class="tag-test-status" status="pass">
<td><span class="badge log pass-bg">Pass</span></td>
<td>03:35:48 AM</td>
<td>
<a href="#" class="linked" test-id='1' id='30'>TC05_nio_search</a>
<div class="">
<span class="badge badge-default">search_feature.TC05_nio_search</span>
</div>
</td>
</tr>
<tr class="tag-test-status" status="pass">
<td><span class="badge log pass-bg">Pass</span></td>
<td>03:35:53 AM</td>
<td>
<a href="#" class="linked" test-id='1' id='37'>TC06_pineapple_search</a>
<div class="">
<span class="badge badge-default">search_feature.TC06_pineapple_search</span>
</div>
</td>
</tr>
</tbody>
</table>
</div>
</li>
<li class="test-item">
<div class="test-detail">
<span class="meta">
<span class='badge log pass-bg'>6</span>
</span>
<p class="name">@test_runner</p>
<p class="duration text-sm">6 tests</p>
</div>
<div class="test-contents d-none">
<div class="info">
<h4>@test_runner</h4>
<span status="pass" class='badge log pass-bg'>6 passed</span>
</div>
<table class='table table-sm mt-4'>
<thead>
<tr>
<th class="status-col">Status</th>
<th class="timestamp-col">Timestamp</th>
<th>TestName</th>
</tr>
</thead>
<tbody>
<tr class="tag-test-status" status="pass">
<td><span class="badge log pass-bg">Pass</span></td>
<td>03:35:27 AM</td>
<td>
<a href="#" class="linked" test-id='1' id='2'>TC01_iphone_search</a>
<div class="">
<span class="badge badge-default">search_feature.TC01_iphone_search</span>
</div>
</td>
</tr>
<tr class="tag-test-status" status="pass">
<td><span class="badge log pass-bg">Pass</span></td>
<td>03:35:33 AM</td>
<td>
<a href="#" class="linked" test-id='1' id='9'>TC02_tesla_search</a>
<div class="">
<span class="badge badge-default">search_feature.TC02_tesla_search</span>
</div>
</td>
</tr>
<tr class="tag-test-status" status="pass">
<td><span class="badge log pass-bg">Pass</span></td>
<td>03:35:38 AM</td>
<td>
<a href="#" class="linked" test-id='1' id='16'>TC03_bmw_search</a>
<div class="">
<span class="badge badge-default">search_feature.TC03_bmw_search</span>
</div>
</td>
</tr>
<tr class="tag-test-status" status="pass">
<td><span class="badge log pass-bg">Pass</span></td>
<td>03:35:43 AM</td>
<td>
<a href="#" class="linked" test-id='1' id='23'>TC04_apple_search</a>
<div class="">
<span class="badge badge-default">search_feature.TC04_apple_search</span>
</div>
</td>
</tr>
<tr class="tag-test-status" status="pass">
<td><span class="badge log pass-bg">Pass</span></td>
<td>03:35:48 AM</td>
<td>
<a href="#" class="linked" test-id='1' id='30'>TC05_nio_search</a>
<div class="">
<span class="badge badge-default">search_feature.TC05_nio_search</span>
</div>
</td>
</tr>
<tr class="tag-test-status" status="pass">
<td><span class="badge log pass-bg">Pass</span></td>
<td>03:35:53 AM</td>
<td>
<a href="#" class="linked" test-id='1' id='37'>TC06_pineapple_search</a>
<div class="">
<span class="badge badge-default">search_feature.TC06_pineapple_search</span>
</div>
</td>
</tr>
</tbody>
</table>
</div>
</li>
</ul>
</div>
</div>
<div class="test-content scrollable">
<div class="test-content-detail">
<div class="detail-body"></div>
</div>
</div>
</div><div class="test-wrapper row view exception-view attributes-view">
<div class="test-list">
<div class="test-list-tools">
<ul class="tools pull-left"><li><a href=""><span class="font-size-14">Exception</span></a></li></ul>
<ul class="tools text-right"><li><a href="#"><span class="badge badge-primary">1</span></a></li></ul>
</div>
<div class="test-list-wrapper scrollable">
<ul class="test-list-item">
<li class="test-item">
<div class="test-detail">
<span class="meta">
<span class='badge log badge-danger'>2</span>
</span>
<p class="name">org.openqa.selenium.NoSuchElementException</p>
<p class="duration text-sm">2 tests</p>
</div>
<div class="test-contents d-none">
<div class="info">
<h4>org.openqa.selenium.NoSuchElementException</h4>
<span status="fail" class='badge log badge-danger'>2 failed</span>
</div>
<table class='table table-sm mt-4'>
<thead>
<tr>
<th class="status-col">Status</th>
<th class="timestamp-col">Timestamp</th>
<th>TestName</th>
</tr>
</thead>
<tbody>
<tr class="tag-test-status" status="fail">
<td><span class="badge log fail-bg">Fail</span></td>
<td>03:36:00 AM</td>
<td>
<a href="#" class="linked" test-id='44' id='51'>Then user logs out the application</a>
<div class="">
<span class="badge badge-default">customer_login_failing.TC01_<PositiveTest>_customer_login_test.Then user logs out the application</span>
</div>
</td>
</tr>
<tr class="tag-test-status" status="fail">
<td><span class="badge log fail-bg">Fail</span></td>
<td>03:36:11 AM</td>
<td>
<a href="#" class="linked" test-id='44' id='59'>Then user logs out the application</a>
<div class="">
<span class="badge badge-default">customer_login_failing.TC01_<PositiveTest>_customer_login_test.Then user logs out the application</span>
</div>
</td>
</tr>
</tbody>
</table>
</div>
</li>
</ul>
</div>
</div>
<div class="test-content scrollable">
<div class="test-content-detail">
<div class="detail-body"></div>
</div>
</div>
</div>        </div>
      </div>
    </div>
  </div>
<script src="https://cdn.jsdelivr.net/gh/extent-framework/extent-github-cdn@d6562a79075e061305ccfdb82f01e5e195e2d307/spark/js/spark-script.js"></script>
<script type="text/javascript"></script></body>
</html>